2018-10-16 17:55:59,388 - Driver - INFO - 打开谷歌浏览器
2018-10-16 17:55:59,391 - Driver - INFO - 隐式等待元素时间为：15
2018-10-16 17:56:02,633 - Page - INFO - 浏览器中输入域名：https://lqf.beta.e-ducation.cn/
2018-10-16 17:56:05,536 - LmsLoginTest - INFO - 登录用例通过
2018-10-16 17:56:05,619 - Page - INFO - 关闭浏览器
2018-10-16 17:56:07,336 - Driver - INFO - 打开谷歌浏览器
2018-10-16 17:56:07,337 - Driver - INFO - 隐式等待元素时间为：15
2018-10-16 17:56:11,742 - Page - INFO - 浏览器中输入域名：https://lqf.beta.e-ducation.cn/
2018-10-16 17:56:14,263 - Page - INFO - 忘记密码 btn is good
2018-10-16 17:56:16,485 - lmsLoginFunt - INFO - 忘记密码功能正常
2018-10-16 17:56:16,569 - Page - INFO - 关闭浏览器
2018-10-16 17:56:18,448 - Driver - INFO - 打开谷歌浏览器
2018-10-16 17:56:18,450 - Driver - INFO - 隐式等待元素时间为：15
2018-10-16 17:56:22,913 - Page - INFO - 浏览器中输入域名：https://lqf.beta.e-ducation.cn/
2018-10-16 17:56:23,976 - lmsLoginFunt - INFO - 验证码登录功能正常
2018-10-16 17:56:24,048 - Page - INFO - 关闭浏览器
2018-10-16 17:56:26,022 - Driver - INFO - 打开谷歌浏览器
2018-10-16 17:56:26,024 - Driver - INFO - 隐式等待元素时间为：15
2018-10-16 17:56:28,819 - Page - INFO - 浏览器中输入域名：https://lqf.beta.e-ducation.cn/
2018-10-16 17:56:37,784 - lmsLoginFunt - INFO - 中英文切换功能正常
2018-10-16 17:56:37,862 - Page - INFO - 关闭浏览器
2018-10-16 17:56:39,639 - Driver - INFO - 打开谷歌浏览器
2018-10-16 17:56:39,641 - Driver - INFO - 隐式等待元素时间为：15
2018-10-16 17:56:42,423 - Page - INFO - 浏览器中输入域名：https://lqf.beta.e-ducation.cn/
2018-10-16 17:56:48,038 - Page - INFO - 课程_正在学习 btn is good
